[2025-07-07T08:10:09.651] [INFO] default - Server is running on http://localhost:3000
[2025-07-07T08:10:09.683] [INFO] default - MongoDB connected successfully
[2025-07-07T08:10:57.722] [INFO] default - Server is running on http://localhost:3000
[2025-07-07T08:10:57.749] [INFO] default - MongoDB connected successfully
[2025-07-07T08:11:42.061] [INFO] default - Server is running on http://localhost:3000
[2025-07-07T08:11:42.079] [INFO] default - MongoDB connected successfully
[2025-07-07T08:12:16.719] [INFO] default - Server is running on http://localhost:3000
[2025-07-07T08:12:16.816] [INFO] default - MongoDB connected successfully
[2025-07-07T08:12:40.061] [INFO] default - Server is running on http://localhost:3000
[2025-07-07T08:12:40.084] [INFO] default - MongoDB connected successfully
[2025-07-07T08:12:48.271] [INFO] default - Server is running on http://localhost:3000
[2025-07-07T08:12:48.288] [INFO] default - MongoDB connected successfully
[2025-07-07T08:12:53.035] [INFO] default - Server is running on http://localhost:3000
[2025-07-07T08:12:53.060] [INFO] default - MongoDB connected successfully
[2025-07-07T08:12:57.638] [INFO] default - Server is running on http://localhost:3000
[2025-07-07T08:12:57.666] [INFO] default - MongoDB connected successfully
[2025-07-07T08:13:40.706] [INFO] default - Server is running on http://localhost:3000
[2025-07-07T08:13:40.739] [INFO] default - MongoDB connected successfully
[2025-07-07T08:13:52.830] [INFO] default - Server is running on http://localhost:3000
[2025-07-07T08:13:52.857] [INFO] default - MongoDB connected successfully
[2025-07-07T08:14:00.782] [INFO] default - Server is running on http://localhost:3000
[2025-07-07T08:14:00.807] [INFO] default - MongoDB connected successfully
[2025-07-07T08:14:37.968] [INFO] default - Server is running on http://localhost:3000
[2025-07-07T08:14:37.985] [INFO] default - MongoDB connected successfully
[2025-07-07T08:15:56.291] [INFO] default - Server is running on http://localhost:3000
[2025-07-07T08:15:56.309] [INFO] default - MongoDB connected successfully
[2025-07-07T08:16:14.600] [INFO] default - Server is running on http://localhost:3000
[2025-07-07T08:16:14.633] [INFO] default - MongoDB connected successfully
[2025-07-07T08:16:21.685] [INFO] default - Server is running on http://localhost:3000
[2025-07-07T08:16:21.705] [INFO] default - MongoDB connected successfully
[2025-07-07T08:16:42.324] [INFO] default - Server is running on http://localhost:3000
[2025-07-07T08:16:42.357] [INFO] default - MongoDB connected successfully
[2025-07-07T08:17:27.788] [INFO] default - Server is running on http://localhost:3000
[2025-07-07T08:17:27.804] [INFO] default - MongoDB connected successfully
[2025-07-07T08:17:40.080] [INFO] default - Server is running on http://localhost:3000
[2025-07-07T08:17:40.101] [INFO] default - MongoDB connected successfully
[2025-07-07T08:17:45.967] [INFO] default - Server is running on http://localhost:3000
[2025-07-07T08:17:46.036] [INFO] default - MongoDB connected successfully
[2025-07-07T08:18:33.220] [INFO] default - Server is running on http://localhost:3000
[2025-07-07T08:18:33.238] [INFO] default - MongoDB connected successfully
[2025-07-07T08:19:48.278] [INFO] default - Server is running on http://localhost:3000
[2025-07-07T08:19:48.296] [INFO] default - MongoDB connected successfully
[2025-07-07T08:20:29.884] [INFO] default - Server is running on http://localhost:3000
[2025-07-07T08:20:29.923] [INFO] default - MongoDB connected successfully
[2025-07-07T08:20:40.131] [INFO] default - Server is running on http://localhost:3000
[2025-07-07T08:20:40.158] [INFO] default - MongoDB connected successfully
[2025-07-07T08:21:37.234] [INFO] default - Server is running on http://localhost:3000
[2025-07-07T08:21:37.250] [INFO] default - MongoDB connected successfully
[2025-07-07T08:21:55.165] [INFO] default - Server is running on http://localhost:3000
[2025-07-07T08:21:55.193] [INFO] default - MongoDB connected successfully
[2025-07-07T08:22:08.452] [INFO] default - Server is running on http://localhost:3000
[2025-07-07T08:22:08.473] [INFO] default - MongoDB connected successfully
[2025-07-07T08:22:17.433] [INFO] default - Server is running on http://localhost:3000
[2025-07-07T08:22:17.459] [INFO] default - MongoDB connected successfully
[2025-07-07T08:22:36.959] [INFO] default - Server is running on http://localhost:3000
[2025-07-07T08:22:36.981] [INFO] default - MongoDB connected successfully
[2025-07-07T08:22:46.990] [INFO] default - Server is running on http://localhost:3000
[2025-07-07T08:22:47.017] [INFO] default - MongoDB connected successfully
[2025-07-07T08:23:03.817] [INFO] default - Server is running on http://localhost:3000
[2025-07-07T08:23:03.835] [INFO] default - MongoDB connected successfully
[2025-07-07T08:23:31.949] [INFO] default - Server is running on http://localhost:3000
[2025-07-07T08:23:31.971] [INFO] default - MongoDB connected successfully
[2025-07-07T08:24:28.472] [INFO] default - Server is running on http://localhost:3000
[2025-07-07T08:24:28.491] [INFO] default - MongoDB connected successfully
[2025-07-07T08:24:58.028] [INFO] default - Server is running on http://localhost:3000
[2025-07-07T08:24:58.058] [INFO] default - MongoDB connected successfully
[2025-07-07T08:25:30.870] [INFO] default - Server is running on http://localhost:3000
[2025-07-07T08:25:30.907] [INFO] default - MongoDB connected successfully
[2025-07-07T08:25:49.665] [INFO] default - Server is running on http://localhost:3000
[2025-07-07T08:25:49.702] [INFO] default - MongoDB connected successfully
[2025-07-07T08:26:05.887] [INFO] default - Server is running on http://localhost:3000
[2025-07-07T08:26:05.913] [INFO] default - MongoDB connected successfully
[2025-07-07T08:26:27.604] [INFO] default - Server is running on http://localhost:3000
[2025-07-07T08:26:27.625] [INFO] default - MongoDB connected successfully
[2025-07-07T08:26:47.283] [INFO] default - Server is running on http://localhost:3000
[2025-07-07T08:26:47.306] [INFO] default - MongoDB connected successfully
[2025-07-07T08:26:57.056] [INFO] default - Server is running on http://localhost:3000
[2025-07-07T08:26:57.093] [INFO] default - MongoDB connected successfully
[2025-07-07T08:27:19.030] [INFO] default - Server is running on http://localhost:3000
[2025-07-07T08:27:19.050] [INFO] default - MongoDB connected successfully
[2025-07-07T08:27:46.374] [INFO] default - Server is running on http://localhost:3000
[2025-07-07T08:27:46.401] [INFO] default - MongoDB connected successfully
[2025-07-07T08:28:24.104] [INFO] default - Server is running on http://localhost:3000
[2025-07-07T08:28:24.121] [INFO] default - MongoDB connected successfully
[2025-07-07T08:28:32.631] [INFO] default - Server is running on http://localhost:3000
[2025-07-07T08:28:32.650] [INFO] default - MongoDB connected successfully
[2025-07-07T08:28:45.095] [INFO] default - Server is running on http://localhost:3000
[2025-07-07T08:28:45.116] [INFO] default - MongoDB connected successfully
[2025-07-07T08:29:11.987] [INFO] default - Server is running on http://localhost:3000
[2025-07-07T08:29:12.007] [INFO] default - MongoDB connected successfully
[2025-07-07T08:29:27.427] [INFO] default - Server is running on http://localhost:3000
[2025-07-07T08:29:27.461] [INFO] default - MongoDB connected successfully
[2025-07-07T08:29:58.285] [INFO] default - Server is running on http://localhost:3000
[2025-07-07T08:29:58.310] [INFO] default - MongoDB connected successfully
[2025-07-07T08:30:05.149] [INFO] default - Server is running on http://localhost:3000
[2025-07-07T08:30:05.167] [INFO] default - MongoDB connected successfully
[2025-07-07T08:30:15.017] [INFO] default - Server is running on http://localhost:3000
[2025-07-07T08:30:15.055] [INFO] default - MongoDB connected successfully
[2025-07-07T08:30:21.135] [INFO] default - Server is running on http://localhost:3000
[2025-07-07T08:30:21.178] [INFO] default - MongoDB connected successfully
[2025-07-07T08:30:25.546] [INFO] default - Server is running on http://localhost:3000
[2025-07-07T08:30:25.567] [INFO] default - MongoDB connected successfully
[2025-07-07T08:30:46.458] [INFO] default - Server is running on http://localhost:3000
[2025-07-07T08:30:46.475] [INFO] default - MongoDB connected successfully
[2025-07-07T08:32:49.550] [INFO] default - Server is running on http://localhost:3000
[2025-07-07T08:32:49.570] [INFO] default - MongoDB connected successfully
[2025-07-07T08:33:28.848] [INFO] default - Server is running on http://localhost:3000
[2025-07-07T08:33:28.874] [INFO] default - MongoDB connected successfully
[2025-07-07T08:48:27.819] [INFO] default - Server is running on http://localhost:3000
[2025-07-07T08:48:27.863] [INFO] default - MongoDB connected successfully
[2025-07-07T08:49:14.212] [INFO] default - Server is running on http://localhost:3000
[2025-07-07T08:49:14.244] [INFO] default - MongoDB connected successfully
[2025-07-07T08:50:40.250] [INFO] default - Server is running on http://localhost:3000
[2025-07-07T08:50:40.295] [INFO] default - MongoDB connected successfully
[2025-07-07T08:50:56.997] [INFO] default - Server is running on http://localhost:3000
[2025-07-07T08:50:57.027] [INFO] default - MongoDB connected successfully
[2025-07-07T08:51:27.484] [INFO] default - Server is running on http://localhost:3000
[2025-07-07T08:51:27.510] [INFO] default - MongoDB connected successfully
[2025-07-07T08:51:48.044] [INFO] default - Server is running on http://localhost:3000
[2025-07-07T08:51:48.065] [INFO] default - MongoDB connected successfully
[2025-07-07T08:52:32.981] [INFO] default - Server is running on http://localhost:3000
[2025-07-07T08:52:32.999] [INFO] default - MongoDB connected successfully
[2025-07-07T08:52:54.114] [INFO] default - Server is running on http://localhost:3000
[2025-07-07T08:52:54.131] [INFO] default - MongoDB connected successfully
[2025-07-07T08:53:16.225] [INFO] default - Server is running on http://localhost:3000
[2025-07-07T08:53:16.252] [INFO] default - MongoDB connected successfully
[2025-07-07T08:54:08.902] [INFO] default - Server is running on http://localhost:3000
[2025-07-07T08:54:08.929] [INFO] default - MongoDB connected successfully
[2025-07-07T08:54:43.071] [INFO] default - Server is running on http://localhost:3000
[2025-07-07T08:54:43.101] [INFO] default - MongoDB connected successfully
[2025-07-07T08:54:52.685] [INFO] default - Server is running on http://localhost:3000
[2025-07-07T08:54:52.706] [INFO] default - MongoDB connected successfully
[2025-07-07T08:55:16.031] [INFO] default - Server is running on http://localhost:3000
[2025-07-07T08:55:16.059] [INFO] default - MongoDB connected successfully
[2025-07-07T08:55:41.373] [INFO] default - Server is running on http://localhost:3000
[2025-07-07T08:55:41.394] [INFO] default - MongoDB connected successfully
[2025-07-07T08:56:12.246] [INFO] default - Server is running on http://localhost:3000
[2025-07-07T08:56:12.319] [INFO] default - MongoDB connected successfully
[2025-07-07T08:56:29.792] [INFO] default - Server is running on http://localhost:3000
[2025-07-07T08:56:29.812] [INFO] default - MongoDB connected successfully
[2025-07-07T08:56:50.280] [INFO] default - Server is running on http://localhost:3000
[2025-07-07T08:56:50.305] [INFO] default - MongoDB connected successfully
[2025-07-07T08:56:58.893] [INFO] default - Server is running on http://localhost:3000
[2025-07-07T08:56:58.923] [INFO] default - MongoDB connected successfully
[2025-07-07T08:57:11.130] [INFO] default - Server is running on http://localhost:3000
[2025-07-07T08:57:11.150] [INFO] default - MongoDB connected successfully
[2025-07-07T08:57:23.166] [INFO] default - Server is running on http://localhost:3000
[2025-07-07T08:57:23.189] [INFO] default - MongoDB connected successfully
[2025-07-07T08:57:33.067] [INFO] default - Server is running on http://localhost:3000
[2025-07-07T08:57:33.085] [INFO] default - MongoDB connected successfully
[2025-07-07T08:57:55.382] [INFO] default - Server is running on http://localhost:3000
[2025-07-07T08:57:55.408] [INFO] default - MongoDB connected successfully
[2025-07-07T08:58:05.589] [INFO] default - Server is running on http://localhost:3000
[2025-07-07T08:58:05.609] [INFO] default - MongoDB connected successfully
[2025-07-07T08:58:24.966] [INFO] default - Server is running on http://localhost:3000
[2025-07-07T08:58:24.990] [INFO] default - MongoDB connected successfully
[2025-07-07T08:58:43.930] [INFO] default - Server is running on http://localhost:3000
[2025-07-07T08:58:43.968] [INFO] default - MongoDB connected successfully
[2025-07-07T08:58:53.649] [INFO] default - Server is running on http://localhost:3000
[2025-07-07T08:58:53.681] [INFO] default - MongoDB connected successfully
[2025-07-07T08:58:59.412] [INFO] default - Server is running on http://localhost:3000
[2025-07-07T08:58:59.445] [INFO] default - MongoDB connected successfully
[2025-07-07T08:59:12.811] [INFO] default - Server is running on http://localhost:3000
[2025-07-07T08:59:12.836] [INFO] default - MongoDB connected successfully
[2025-07-07T08:59:18.135] [INFO] default - Server is running on http://localhost:3000
[2025-07-07T08:59:18.156] [INFO] default - MongoDB connected successfully
[2025-07-07T08:59:27.409] [INFO] default - Server is running on http://localhost:3000
[2025-07-07T08:59:27.432] [INFO] default - MongoDB connected successfully
[2025-07-07T09:00:12.239] [INFO] default - Server is running on http://localhost:3000
[2025-07-07T09:00:12.261] [INFO] default - MongoDB connected successfully
[2025-07-07T09:00:37.710] [INFO] default - Server is running on http://localhost:3000
[2025-07-07T09:00:37.734] [INFO] default - MongoDB connected successfully
[2025-07-07T09:00:48.925] [INFO] default - Server is running on http://localhost:3000
[2025-07-07T09:00:48.944] [INFO] default - MongoDB connected successfully
[2025-07-07T09:01:00.564] [INFO] default - Server is running on http://localhost:3000
[2025-07-07T09:01:00.588] [INFO] default - MongoDB connected successfully
[2025-07-07T09:01:10.424] [INFO] default - Server is running on http://localhost:3000
[2025-07-07T09:01:10.444] [INFO] default - MongoDB connected successfully
[2025-07-07T09:01:19.563] [INFO] default - Server is running on http://localhost:3000
[2025-07-07T09:01:19.585] [INFO] default - MongoDB connected successfully
[2025-07-07T09:01:30.394] [INFO] default - Server is running on http://localhost:3000
[2025-07-07T09:01:30.423] [INFO] default - MongoDB connected successfully
[2025-07-07T09:01:45.265] [INFO] default - Server is running on http://localhost:3000
[2025-07-07T09:01:45.311] [INFO] default - MongoDB connected successfully
[2025-07-07T09:02:16.455] [INFO] default - Server is running on http://localhost:3000
[2025-07-07T09:02:16.496] [INFO] default - MongoDB connected successfully
[2025-07-07T09:02:22.090] [INFO] default - Server is running on http://localhost:3000
[2025-07-07T09:02:22.111] [INFO] default - MongoDB connected successfully
[2025-07-07T09:02:44.619] [INFO] default - Server is running on http://localhost:3000
[2025-07-07T09:02:44.676] [INFO] default - MongoDB connected successfully
[2025-07-07T09:03:11.262] [INFO] default - Server is running on http://localhost:3000
[2025-07-07T09:03:11.281] [INFO] default - MongoDB connected successfully
[2025-07-07T09:03:20.418] [INFO] default - Server is running on http://localhost:3000
[2025-07-07T09:03:20.439] [INFO] default - MongoDB connected successfully
[2025-07-07T09:03:39.013] [INFO] default - Server is running on http://localhost:3000
[2025-07-07T09:03:39.035] [INFO] default - MongoDB connected successfully
[2025-07-07T09:04:09.681] [INFO] default - Server is running on http://localhost:3000
[2025-07-07T09:04:09.699] [INFO] default - MongoDB connected successfully
[2025-07-07T09:04:22.956] [INFO] default - Server is running on http://localhost:3000
[2025-07-07T09:04:22.983] [INFO] default - MongoDB connected successfully
[2025-07-07T09:04:49.993] [INFO] default - Server is running on http://localhost:3000
[2025-07-07T09:04:50.022] [INFO] default - MongoDB connected successfully
[2025-07-07T09:05:09.444] [INFO] default - Server is running on http://localhost:3000
[2025-07-07T09:05:09.470] [INFO] default - MongoDB connected successfully
[2025-07-07T09:05:59.070] [INFO] default - Server is running on http://localhost:3000
[2025-07-07T09:05:59.088] [INFO] default - MongoDB connected successfully
[2025-07-07T09:06:10.163] [INFO] default - Server is running on http://localhost:3000
[2025-07-07T09:06:10.203] [INFO] default - MongoDB connected successfully
[2025-07-07T09:06:27.022] [INFO] default - Server is running on http://localhost:3000
[2025-07-07T09:06:27.046] [INFO] default - MongoDB connected successfully
[2025-07-07T09:07:01.752] [INFO] default - Server is running on http://localhost:3000
[2025-07-07T09:07:01.785] [INFO] default - MongoDB connected successfully
[2025-07-07T09:07:19.513] [INFO] default - Server is running on http://localhost:3000
[2025-07-07T09:07:19.533] [INFO] default - MongoDB connected successfully
[2025-07-07T09:07:36.877] [INFO] default - Server is running on http://localhost:3000
[2025-07-07T09:07:36.915] [INFO] default - MongoDB connected successfully
[2025-07-07T09:07:47.583] [INFO] default - Server is running on http://localhost:3000
[2025-07-07T09:07:47.603] [INFO] default - MongoDB connected successfully
[2025-07-07T09:08:02.793] [INFO] default - Server is running on http://localhost:3000
[2025-07-07T09:08:02.828] [INFO] default - MongoDB connected successfully
[2025-07-07T09:08:31.634] [INFO] default - Server is running on http://localhost:3000
[2025-07-07T09:08:31.656] [INFO] default - MongoDB connected successfully
[2025-07-07T09:08:41.774] [INFO] default - Server is running on http://localhost:3000
[2025-07-07T09:08:41.795] [INFO] default - MongoDB connected successfully
[2025-07-07T09:08:53.120] [INFO] default - Server is running on http://localhost:3000
[2025-07-07T09:08:53.172] [INFO] default - MongoDB connected successfully
[2025-07-07T09:09:21.898] [INFO] default - Server is running on http://localhost:3000
[2025-07-07T09:09:21.923] [INFO] default - MongoDB connected successfully
[2025-07-07T09:09:52.473] [INFO] default - Server is running on http://localhost:3000
[2025-07-07T09:09:52.495] [INFO] default - MongoDB connected successfully
[2025-07-07T09:10:00.612] [INFO] default - Server is running on http://localhost:3000
[2025-07-07T09:10:00.687] [INFO] default - MongoDB connected successfully
[2025-07-07T09:10:21.832] [INFO] default - Server is running on http://localhost:3000
[2025-07-07T09:10:21.860] [INFO] default - MongoDB connected successfully
[2025-07-07T09:10:36.998] [INFO] default - Server is running on http://localhost:3000
[2025-07-07T09:10:37.027] [INFO] default - MongoDB connected successfully
[2025-07-07T09:11:23.757] [INFO] default - Server is running on http://localhost:3000
[2025-07-07T09:11:23.776] [INFO] default - MongoDB connected successfully
[2025-07-07T09:11:37.643] [INFO] default - Server is running on http://localhost:3000
[2025-07-07T09:11:37.662] [INFO] default - MongoDB connected successfully
[2025-07-07T09:11:51.073] [INFO] default - Server is running on http://localhost:3000
[2025-07-07T09:11:51.097] [INFO] default - MongoDB connected successfully
[2025-07-07T09:11:55.876] [INFO] default - Server is running on http://localhost:3000
[2025-07-07T09:11:55.906] [INFO] default - MongoDB connected successfully
[2025-07-07T09:12:15.486] [INFO] default - Server is running on http://localhost:3000
[2025-07-07T09:12:15.511] [INFO] default - MongoDB connected successfully
[2025-07-07T09:12:28.125] [INFO] default - Server is running on http://localhost:3000
[2025-07-07T09:12:28.151] [INFO] default - MongoDB connected successfully
[2025-07-07T09:12:34.190] [INFO] default - Server is running on http://localhost:3000
[2025-07-07T09:12:34.212] [INFO] default - MongoDB connected successfully
[2025-07-07T09:13:29.626] [INFO] default - Server is running on http://localhost:3000
[2025-07-07T09:13:29.647] [INFO] default - MongoDB connected successfully
[2025-07-07T09:13:56.535] [INFO] default - Server is running on http://localhost:3000
[2025-07-07T09:13:56.561] [INFO] default - MongoDB connected successfully
[2025-07-07T09:14:38.776] [INFO] default - Server is running on http://localhost:3000
[2025-07-07T09:14:38.797] [INFO] default - MongoDB connected successfully
[2025-07-07T09:16:07.278] [INFO] default - Server is running on http://localhost:8080
[2025-07-07T09:16:07.349] [INFO] default - MongoDB connected successfully
[2025-07-07T09:20:15.273] [INFO] default - Server is running on http://localhost:8080
[2025-07-07T09:20:15.345] [INFO] default - MongoDB connected successfully
[2025-07-07T09:20:40.944] [INFO] default - Server is running on http://localhost:8080
[2025-07-07T09:20:40.978] [INFO] default - MongoDB connected successfully
[2025-07-07T09:21:50.375] [INFO] default - Server is running on http://localhost:8080
[2025-07-07T09:21:50.395] [INFO] default - MongoDB connected successfully
[2025-07-07T09:22:13.191] [INFO] default - Server is running on http://localhost:8080
[2025-07-07T09:22:13.215] [INFO] default - MongoDB connected successfully
[2025-09-24T16:27:12.544] [INFO] default - Server is running on http://localhost:8000
[2025-09-24T16:27:42.556] [ERROR] default - MongoDB connection error: MongooseServerSelectionError: getaddrinfo ENOTFOUND 127.0.1
    at _handleConnectionErrors (C:\Users\DIEGO\Desktop\coderhouse-72035-backend-3-main\13 - PRACTICA INTEGRADORA\node_modules\mongoose\lib\connection.js:1165:11)
    at NativeConnection.openUri (C:\Users\DIEGO\Desktop\coderhouse-72035-backend-3-main\13 - PRACTICA INTEGRADORA\node_modules\mongoose\lib\connection.js:1096:11)
    at runNextTicks (node:internal/process/task_queues:60:5)
    at listOnTimeout (node:internal/timers:540:9)
    at process.processTimers (node:internal/timers:514:7) {
  errorLabelSet: Set(0) {},
  reason: TopologyDescription {
    type: 'Unknown',
    servers: Map(1) { '127.0.1:27017' => [ServerDescription] },
    stale: false,
    compatible: true,
    heartbeatFrequencyMS: 10000,
    localThresholdMS: 15,
    setName: null,
    maxElectionId: null,
    maxSetVersion: null,
    commonWireVersion: 0,
    logicalSessionTimeoutMinutes: null
  },
  code: undefined,
  cause: TopologyDescription {
    type: 'Unknown',
    servers: Map(1) { '127.0.1:27017' => [ServerDescription] },
    stale: false,
    compatible: true,
    heartbeatFrequencyMS: 10000,
    localThresholdMS: 15,
    setName: null,
    maxElectionId: null,
    maxSetVersion: null,
    commonWireVersion: 0,
    logicalSessionTimeoutMinutes: null
  }
}
